TagHeatmap: Processing file - slug: (maintenance)/Templates/InitialTemplate, path: content/(maintenance)/Templates/InitialTemplate.md
TagHeatmap: Processing file - slug: AI-and-MLOps/MLOps-General-Theory, path: content/AI and MLOps/MLOps General Theory.md
TagHeatmap: Found tags in AI-and-MLOps/MLOps-General-Theory: ["concept/mlops"]
TagHeatmap: Direct tag usage: [["concept/mlops",1]]
TagHeatmap: Global tag counts: [["concept",1],["concept/mlops",1]]
TagHeatmap: Processing file - slug: AI-and-MLOps/MLOps-in-Process-—, path: content/AI and MLOps/MLOps in Process —.md
TagHeatmap: Found tags in AI-and-MLOps/MLOps-in-Process-—: ["concept/mlops","practice","code/python/mlflow","code/python/jupyter"]
TagHeatmap: Direct tag usage: [["concept/mlops",2],["practice",1],["code/python/mlflow",1],["code/python/jupyter",1]]
TagHeatmap: Global tag counts: [["concept",2],["concept/mlops",2],["practice",1],["code",2],["code/python",2],["code/python/mlflow",1],["code/python/jupyter",1]]
TagHeatmap: Processing file - slug: AI-and-MLOps/Starting-an-ML-Python-Project, path: content/AI and MLOps/Starting an ML Python Project.md
TagHeatmap: Found tags in AI-and-MLOps/Starting-an-ML-Python-Project: ["code/python","practice","code/python/mlflow","code/python/jupyter","concept/mlops"]
TagHeatmap: Direct tag usage: [["concept/mlops",3],["practice",2],["code/python/mlflow",2],["code/python/jupyter",2],["code/python",1]]
TagHeatmap: Global tag counts: [["concept",3],["concept/mlops",3],["practice",2],["code",5],["code/python",5],["code/python/mlflow",2],["code/python/jupyter",2]]
TagHeatmap: Processing file - slug: Courses--and--Theory/AWS/AWS-Cloud-Theory/AWS-Cloud-Theory, path: content/Courses & Theory/AWS/AWS Cloud Theory/AWS Cloud Theory.md
TagHeatmap: Processing file - slug: Courses--and--Theory/AWS/Caveats-of-EC2-Instance-Export, path: content/Courses & Theory/AWS/Caveats of EC2 Instance Export.md
TagHeatmap: Found tags in Courses--and--Theory/AWS/Caveats-of-EC2-Instance-Export: ["aws/ec2"]
TagHeatmap: Direct tag usage: [["concept/mlops",3],["practice",2],["code/python/mlflow",2],["code/python/jupyter",2],["code/python",1],["aws/ec2",1]]
TagHeatmap: Global tag counts: [["concept",3],["concept/mlops",3],["practice",2],["code",5],["code/python",5],["code/python/mlflow",2],["code/python/jupyter",2],["aws",1],["aws/ec2",1]]
TagHeatmap: Processing file - slug: Courses--and--Theory/AWS/Compute/EC2-Instance-Store, path: content/Courses & Theory/AWS/Compute/EC2 Instance Store.md
TagHeatmap: Found tags in Courses--and--Theory/AWS/Compute/EC2-Instance-Store: ["compute","aws/ec2","storage"]
TagHeatmap: Direct tag usage: [["concept/mlops",3],["practice",2],["code/python/mlflow",2],["code/python/jupyter",2],["code/python",1],["aws/ec2",2],["compute",1],["storage",1]]
TagHeatmap: Global tag counts: [["concept",3],["concept/mlops",3],["practice",2],["code",5],["code/python",5],["code/python/mlflow",2],["code/python/jupyter",2],["aws",2],["aws/ec2",2],["compute",1],["storage",1]]
TagHeatmap: Processing file - slug: Courses--and--Theory/AWS/Compute/EC2, path: content/Courses & Theory/AWS/Compute/EC2.md
TagHeatmap: Found tags in Courses--and--Theory/AWS/Compute/EC2: ["aws/ec2","compute","monitoring"]
TagHeatmap: Direct tag usage: [["concept/mlops",3],["practice",2],["code/python/mlflow",2],["code/python/jupyter",2],["code/python",1],["aws/ec2",3],["compute",2],["storage",1],["monitoring",1]]
TagHeatmap: Global tag counts: [["concept",3],["concept/mlops",3],["practice",2],["code",5],["code/python",5],["code/python/mlflow",2],["code/python/jupyter",2],["aws",3],["aws/ec2",3],["compute",2],["storage",1],["monitoring",1]]
TagHeatmap: Processing file - slug: Courses--and--Theory/AWS/Compute/ECR, path: content/Courses & Theory/AWS/Compute/ECR.md
TagHeatmap: Processing file - slug: Courses--and--Theory/AWS/Compute/ECS, path: content/Courses & Theory/AWS/Compute/ECS.md
TagHeatmap: Found tags in Courses--and--Theory/AWS/Compute/ECS: ["compute/containers"]
TagHeatmap: Direct tag usage: [["concept/mlops",3],["practice",2],["code/python/mlflow",2],["code/python/jupyter",2],["code/python",1],["aws/ec2",3],["compute",2],["storage",1],["monitoring",1],["compute/containers",1]]
TagHeatmap: Global tag counts: [["concept",3],["concept/mlops",3],["practice",2],["code",5],["code/python",5],["code/python/mlflow",2],["code/python/jupyter",2],["aws",3],["aws/ec2",3],["compute",3],["storage",1],["monitoring",1],["compute/containers",1]]
TagHeatmap: Processing file - slug: Courses--and--Theory/AWS/Compute/EKS, path: content/Courses & Theory/AWS/Compute/EKS.md
TagHeatmap: Processing file - slug: Courses--and--Theory/AWS/Compute/Lambda, path: content/Courses & Theory/AWS/Compute/Lambda.md
TagHeatmap: Processing file - slug: Courses--and--Theory/AWS/Compute/Step-Functions, path: content/Courses & Theory/AWS/Compute/Step Functions.md
TagHeatmap: Processing file - slug: Courses--and--Theory/AWS/Connectors--and--Transfers/AWS-DataSync, path: content/Courses & Theory/AWS/Connectors & Transfers/AWS DataSync.md
TagHeatmap: Processing file - slug: Courses--and--Theory/AWS/Connectors--and--Transfers/AWS-Kinesis, path: content/Courses & Theory/AWS/Connectors & Transfers/AWS Kinesis.md
TagHeatmap: Processing file - slug: Courses--and--Theory/AWS/Connectors--and--Transfers/AWS-SNS, path: content/Courses & Theory/AWS/Connectors & Transfers/AWS SNS.md
TagHeatmap: Processing file - slug: Courses--and--Theory/AWS/Connectors--and--Transfers/AWS-SQS, path: content/Courses & Theory/AWS/Connectors & Transfers/AWS SQS.md
TagHeatmap: Processing file - slug: Courses--and--Theory/AWS/Connectors--and--Transfers/AWS-Storage-Gateway, path: content/Courses & Theory/AWS/Connectors & Transfers/AWS Storage Gateway.md
TagHeatmap: Processing file - slug: Courses--and--Theory/AWS/Connectors--and--Transfers/AWS-Transfer-Family, path: content/Courses & Theory/AWS/Connectors & Transfers/AWS Transfer Family.md
TagHeatmap: Processing file - slug: Courses--and--Theory/AWS/Connectors--and--Transfers/Amazon-AppFlow, path: content/Courses & Theory/AWS/Connectors & Transfers/Amazon AppFlow.md
TagHeatmap: Processing file - slug: Courses--and--Theory/AWS/Databases/AWS-Amazon-Aurora, path: content/Courses & Theory/AWS/Databases/AWS Amazon Aurora.md
TagHeatmap: Processing file - slug: Courses--and--Theory/AWS/Databases/AWS-Database-Migration-Service-(DMS), path: content/Courses & Theory/AWS/Databases/AWS Database Migration Service (DMS).md
TagHeatmap: Processing file - slug: Courses--and--Theory/AWS/Databases/AWS-DynamoDB, path: content/Courses & Theory/AWS/Databases/AWS DynamoDB.md
TagHeatmap: Processing file - slug: Courses--and--Theory/AWS/Databases/AWS-ElastiCache, path: content/Courses & Theory/AWS/Databases/AWS ElastiCache.md
TagHeatmap: Processing file - slug: Courses--and--Theory/AWS/Databases/AWS-RDS, path: content/Courses & Theory/AWS/Databases/AWS RDS.md
TagHeatmap: Processing file - slug: Courses--and--Theory/AWS/Databases/AWS-Redshift, path: content/Courses & Theory/AWS/Databases/AWS Redshift.md
TagHeatmap: Processing file - slug: Courses--and--Theory/AWS/Databases/AWS-Secuirty-in-AWS-RDS, path: content/Courses & Theory/AWS/Databases/AWS Secuirty in AWS RDS.md
TagHeatmap: Processing file - slug: Courses--and--Theory/AWS/Governance/AWS-Backup, path: content/Courses & Theory/AWS/Governance/AWS Backup.md
TagHeatmap: Processing file - slug: Courses--and--Theory/AWS/Governance/AWS-CloudFormation, path: content/Courses & Theory/AWS/Governance/AWS CloudFormation.md
TagHeatmap: Found tags in Courses--and--Theory/AWS/Governance/AWS-CloudFormation: ["concept/IaC"]
TagHeatmap: Direct tag usage: [["concept/mlops",3],["practice",2],["code/python/mlflow",2],["code/python/jupyter",2],["code/python",1],["aws/ec2",3],["compute",2],["storage",1],["monitoring",1],["compute/containers",1],["concept/IaC",1]]
TagHeatmap: Global tag counts: [["concept",4],["concept/mlops",3],["practice",2],["code",5],["code/python",5],["code/python/mlflow",2],["code/python/jupyter",2],["aws",3],["aws/ec2",3],["compute",3],["storage",1],["monitoring",1],["compute/containers",1],["concept/IaC",1]]
TagHeatmap: Processing file - slug: Courses--and--Theory/AWS/Governance/AWS-Config, path: content/Courses & Theory/AWS/Governance/AWS Config.md
TagHeatmap: Processing file - slug: Courses--and--Theory/AWS/Governance/AWS-Control-Tower, path: content/Courses & Theory/AWS/Governance/AWS Control Tower.md
TagHeatmap: Found tags in Courses--and--Theory/AWS/Governance/AWS-Control-Tower: ["concept/scale","concept/resilience"]
TagHeatmap: Direct tag usage: [["concept/mlops",3],["practice",2],["code/python/mlflow",2],["code/python/jupyter",2],["code/python",1],["aws/ec2",3],["compute",2],["storage",1],["monitoring",1],["compute/containers",1],["concept/IaC",1],["concept/scale",1],["concept/resilience",1]]
TagHeatmap: Global tag counts: [["concept",6],["concept/mlops",3],["practice",2],["code",5],["code/python",5],["code/python/mlflow",2],["code/python/jupyter",2],["aws",3],["aws/ec2",3],["compute",3],["storage",1],["monitoring",1],["compute/containers",1],["concept/IaC",1],["concept/scale",1],["concept/resilience",1]]
TagHeatmap: Processing file - slug: Courses--and--Theory/AWS/Governance/AWS-Organizations, path: content/Courses & Theory/AWS/Governance/AWS Organizations.md
TagHeatmap: Processing file - slug: Courses--and--Theory/AWS/Identity-Management/AWS-IAM, path: content/Courses & Theory/AWS/Identity Management/AWS IAM.md
TagHeatmap: Processing file - slug: Courses--and--Theory/AWS/Identity-Management/Amazon-Cognito, path: content/Courses & Theory/AWS/Identity Management/Amazon Cognito.md
TagHeatmap: Processing file - slug: Courses--and--Theory/AWS/Identity-Management/Directory-Service, path: content/Courses & Theory/AWS/Identity Management/Directory Service.md
TagHeatmap: Processing file - slug: Courses--and--Theory/AWS/Machine-Learning/Amazon-Comperhend, path: content/Courses & Theory/AWS/Machine Learning/Amazon Comperhend.md
TagHeatmap: Processing file - slug: Courses--and--Theory/AWS/Machine-Learning/Amazon-Fraud-Detector, path: content/Courses & Theory/AWS/Machine Learning/Amazon Fraud Detector.md
TagHeatmap: Processing file - slug: Courses--and--Theory/AWS/Machine-Learning/Amazon-Kendra, path: content/Courses & Theory/AWS/Machine Learning/Amazon Kendra.md
TagHeatmap: Processing file - slug: Courses--and--Theory/AWS/Machine-Learning/Amazon-Lex, path: content/Courses & Theory/AWS/Machine Learning/Amazon Lex.md
TagHeatmap: Processing file - slug: Courses--and--Theory/AWS/Machine-Learning/Amazon-Polly, path: content/Courses & Theory/AWS/Machine Learning/Amazon Polly.md
TagHeatmap: Processing file - slug: Courses--and--Theory/AWS/Machine-Learning/Amazon-Rekognition, path: content/Courses & Theory/AWS/Machine Learning/Amazon Rekognition.md
TagHeatmap: Processing file - slug: Courses--and--Theory/AWS/Machine-Learning/Amazon-SageMaker, path: content/Courses & Theory/AWS/Machine Learning/Amazon SageMaker.md
TagHeatmap: Processing file - slug: Courses--and--Theory/AWS/Machine-Learning/Amazon-Textract, path: content/Courses & Theory/AWS/Machine Learning/Amazon Textract.md
TagHeatmap: Processing file - slug: Courses--and--Theory/AWS/Machine-Learning/Amazon-Transcribe, path: content/Courses & Theory/AWS/Machine Learning/Amazon Transcribe.md
TagHeatmap: Processing file - slug: Courses--and--Theory/AWS/Monitoring--and--Events/AWS-CloudTrail, path: content/Courses & Theory/AWS/Monitoring & Events/AWS CloudTrail.md
TagHeatmap: Processing file - slug: Courses--and--Theory/AWS/Monitoring--and--Events/AWS-CloudWatch, path: content/Courses & Theory/AWS/Monitoring & Events/AWS CloudWatch.md
TagHeatmap: Found tags in Courses--and--Theory/AWS/Monitoring--and--Events/AWS-CloudWatch: ["concept/monitoring"]
TagHeatmap: Direct tag usage: [["concept/mlops",3],["practice",2],["code/python/mlflow",2],["code/python/jupyter",2],["code/python",1],["aws/ec2",3],["compute",2],["storage",1],["monitoring",1],["compute/containers",1],["concept/IaC",1],["concept/scale",1],["concept/resilience",1],["concept/monitoring",1]]
TagHeatmap: Global tag counts: [["concept",7],["concept/mlops",3],["practice",2],["code",5],["code/python",5],["code/python/mlflow",2],["code/python/jupyter",2],["aws",3],["aws/ec2",3],["compute",3],["storage",1],["monitoring",1],["compute/containers",1],["concept/IaC",1],["concept/scale",1],["concept/resilience",1],["concept/monitoring",1]]
TagHeatmap: Processing file - slug: Courses--and--Theory/AWS/Monitoring--and--Events/AWS-EventBridge, path: content/Courses & Theory/AWS/Monitoring & Events/AWS EventBridge.md
TagHeatmap: Found tags in Courses--and--Theory/AWS/Monitoring--and--Events/AWS-EventBridge: ["concept/monitoring","concept/events"]
TagHeatmap: Direct tag usage: [["concept/mlops",3],["practice",2],["code/python/mlflow",2],["code/python/jupyter",2],["code/python",1],["aws/ec2",3],["compute",2],["storage",1],["monitoring",1],["compute/containers",1],["concept/IaC",1],["concept/scale",1],["concept/resilience",1],["concept/monitoring",2],["concept/events",1]]
TagHeatmap: Global tag counts: [["concept",9],["concept/mlops",3],["practice",2],["code",5],["code/python",5],["code/python/mlflow",2],["code/python/jupyter",2],["aws",3],["aws/ec2",3],["compute",3],["storage",1],["monitoring",1],["compute/containers",1],["concept/IaC",1],["concept/scale",1],["concept/resilience",1],["concept/monitoring",2],["concept/events",1]]
TagHeatmap: Processing file - slug: Courses--and--Theory/AWS/Networking/AWS-API-Gateway, path: content/Courses & Theory/AWS/Networking/AWS API Gateway.md
TagHeatmap: Processing file - slug: Courses--and--Theory/AWS/Networking/AWS-CloudFront, path: content/Courses & Theory/AWS/Networking/AWS CloudFront.md
TagHeatmap: Processing file - slug: Courses--and--Theory/AWS/Networking/AWS-Direct-Connect-(DX), path: content/Courses & Theory/AWS/Networking/AWS Direct Connect (DX).md
TagHeatmap: Processing file - slug: Courses--and--Theory/AWS/Networking/AWS-Egress-Only-Internet-Gateway, path: content/Courses & Theory/AWS/Networking/AWS Egress-Only Internet Gateway.md
TagHeatmap: Processing file - slug: Courses--and--Theory/AWS/Networking/AWS-Gateway-Endpoints, path: content/Courses & Theory/AWS/Networking/AWS Gateway Endpoints.md
TagHeatmap: Processing file - slug: Courses--and--Theory/AWS/Networking/AWS-Global-Accelerator, path: content/Courses & Theory/AWS/Networking/AWS Global Accelerator.md
TagHeatmap: Processing file - slug: Courses--and--Theory/AWS/Networking/AWS-Interface-Endpoints, path: content/Courses & Theory/AWS/Networking/AWS Interface Endpoints.md
TagHeatmap: Processing file - slug: Courses--and--Theory/AWS/Networking/AWS-PrivateLink-and-VPC-Endpoint, path: content/Courses & Theory/AWS/Networking/AWS PrivateLink and VPC Endpoint.md
TagHeatmap: Processing file - slug: Courses--and--Theory/AWS/Networking/AWS-Route-53, path: content/Courses & Theory/AWS/Networking/AWS Route 53.md
TagHeatmap: Found tags in Courses--and--Theory/AWS/Networking/AWS-Route-53: ["concept/networking/global"]
TagHeatmap: Direct tag usage: [["concept/mlops",3],["practice",2],["code/python/mlflow",2],["code/python/jupyter",2],["code/python",1],["aws/ec2",3],["compute",2],["storage",1],["monitoring",1],["compute/containers",1],["concept/IaC",1],["concept/scale",1],["concept/resilience",1],["concept/monitoring",2],["concept/events",1],["concept/networking/global",1]]
TagHeatmap: Global tag counts: [["concept",10],["concept/mlops",3],["practice",2],["code",5],["code/python",5],["code/python/mlflow",2],["code/python/jupyter",2],["aws",3],["aws/ec2",3],["compute",3],["storage",1],["monitoring",1],["compute/containers",1],["concept/IaC",1],["concept/scale",1],["concept/resilience",1],["concept/monitoring",2],["concept/events",1],["concept/networking",1],["concept/networking/global",1]]
TagHeatmap: Processing file - slug: Courses--and--Theory/AWS/Networking/AWS-Shield, path: content/Courses & Theory/AWS/Networking/AWS Shield.md
TagHeatmap: Processing file - slug: Courses--and--Theory/AWS/Networking/AWS-Site-to-Site-VPN, path: content/Courses & Theory/AWS/Networking/AWS Site-to-Site VPN.md
TagHeatmap: Processing file - slug: Courses--and--Theory/AWS/Networking/Amazon-MQ, path: content/Courses & Theory/AWS/Networking/Amazon MQ.md
TagHeatmap: Processing file - slug: Courses--and--Theory/AWS/Networking/SSL-Offload-in-AWS, path: content/Courses & Theory/AWS/Networking/SSL Offload in AWS.md
TagHeatmap: Processing file - slug: Courses--and--Theory/AWS/Networking/VPC, path: content/Courses & Theory/AWS/Networking/VPC.md
TagHeatmap: Found tags in Courses--and--Theory/AWS/Networking/VPC: ["concept/networking"]
TagHeatmap: Direct tag usage: [["concept/mlops",3],["practice",2],["code/python/mlflow",2],["code/python/jupyter",2],["code/python",1],["aws/ec2",3],["compute",2],["storage",1],["monitoring",1],["compute/containers",1],["concept/IaC",1],["concept/scale",1],["concept/resilience",1],["concept/monitoring",2],["concept/events",1],["concept/networking/global",1],["concept/networking",1]]
TagHeatmap: Global tag counts: [["concept",11],["concept/mlops",3],["practice",2],["code",5],["code/python",5],["code/python/mlflow",2],["code/python/jupyter",2],["aws",3],["aws/ec2",3],["compute",3],["storage",1],["monitoring",1],["compute/containers",1],["concept/IaC",1],["concept/scale",1],["concept/resilience",1],["concept/monitoring",2],["concept/events",1],["concept/networking",2],["concept/networking/global",1]]
TagHeatmap: Processing file - slug: Courses--and--Theory/AWS/Networking/Web-Application-Firewall-(WAF), path: content/Courses & Theory/AWS/Networking/Web Application Firewall (WAF).md
TagHeatmap: Processing file - slug: Courses--and--Theory/AWS/Security/AWS-Certificate-Manager-(ACM), path: content/Courses & Theory/AWS/Security/AWS Certificate Manager (ACM).md
TagHeatmap: Processing file - slug: Courses--and--Theory/AWS/Security/AWS-Cloud-HSM, path: content/Courses & Theory/AWS/Security/AWS Cloud-HSM.md
TagHeatmap: Processing file - slug: Courses--and--Theory/AWS/Security/AWS-GuardDuty, path: content/Courses & Theory/AWS/Security/AWS GuardDuty.md
TagHeatmap: Processing file - slug: Courses--and--Theory/AWS/Security/AWS-KMS, path: content/Courses & Theory/AWS/Security/AWS KMS.md
TagHeatmap: Processing file - slug: Courses--and--Theory/AWS/Security/AWS-SSM-Parameter-store, path: content/Courses & Theory/AWS/Security/AWS SSM Parameter store.md
TagHeatmap: Processing file - slug: Courses--and--Theory/AWS/Security/AWS-Secrets-Manager, path: content/Courses & Theory/AWS/Security/AWS Secrets Manager.md
TagHeatmap: Processing file - slug: Courses--and--Theory/AWS/Security/AWS-Working-with-KMS, path: content/Courses & Theory/AWS/Security/AWS Working with KMS.md
TagHeatmap: Processing file - slug: Courses--and--Theory/AWS/Security/Amazon-Inspector, path: content/Courses & Theory/AWS/Security/Amazon Inspector.md
TagHeatmap: Processing file - slug: Courses--and--Theory/AWS/Security/Amazon-Macie, path: content/Courses & Theory/AWS/Security/Amazon Macie.md
TagHeatmap: Processing file - slug: Courses--and--Theory/AWS/Storage/AWS-EBS, path: content/Courses & Theory/AWS/Storage/AWS EBS.md
TagHeatmap: Processing file - slug: Courses--and--Theory/AWS/Storage/AWS-EFS, path: content/Courses & Theory/AWS/Storage/AWS EFS.md
TagHeatmap: Processing file - slug: Courses--and--Theory/AWS/Storage/AWS-Elastic-Load-Balancer-(ELB), path: content/Courses & Theory/AWS/Storage/AWS Elastic Load Balancer (ELB).md
TagHeatmap: Processing file - slug: Courses--and--Theory/AWS/Storage/AWS-FSx, path: content/Courses & Theory/AWS/Storage/AWS FSx.md
TagHeatmap: Processing file - slug: Courses--and--Theory/AWS/Storage/AWS-Glue, path: content/Courses & Theory/AWS/Storage/AWS Glue.md
TagHeatmap: Processing file - slug: Courses--and--Theory/AWS/Storage/AWS-S3-Simple-Storage-Service, path: content/Courses & Theory/AWS/Storage/AWS S3 Simple Storage Service.md
TagHeatmap: Processing file - slug: Courses--and--Theory/AWS/Storage/Amazon-Athena, path: content/Courses & Theory/AWS/Storage/Amazon Athena.md
TagHeatmap: Processing file - slug: Courses--and--Theory/IT-Theory/Business-Resilience-and-Reliability, path: content/Courses & Theory/IT Theory/Business Resilience and Reliability.md
TagHeatmap: Found tags in Courses--and--Theory/IT-Theory/Business-Resilience-and-Reliability: ["concept/resilience"]
TagHeatmap: Direct tag usage: [["concept/mlops",3],["practice",2],["code/python/mlflow",2],["code/python/jupyter",2],["code/python",1],["aws/ec2",3],["compute",2],["storage",1],["monitoring",1],["compute/containers",1],["concept/IaC",1],["concept/scale",1],["concept/resilience",2],["concept/monitoring",2],["concept/events",1],["concept/networking/global",1],["concept/networking",1]]
TagHeatmap: Global tag counts: [["concept",12],["concept/mlops",3],["practice",2],["code",5],["code/python",5],["code/python/mlflow",2],["code/python/jupyter",2],["aws",3],["aws/ec2",3],["compute",3],["storage",1],["monitoring",1],["compute/containers",1],["concept/IaC",1],["concept/scale",1],["concept/resilience",2],["concept/monitoring",2],["concept/events",1],["concept/networking",2],["concept/networking/global",1]]
TagHeatmap: Processing file - slug: Courses--and--Theory/IT-Theory/How-DNS-Works/DNS-Records-Types, path: content/Courses & Theory/IT Theory/How DNS Works/DNS Records Types.md
TagHeatmap: Processing file - slug: Courses--and--Theory/IT-Theory/How-DNS-Works/DNS-Resolving, path: content/Courses & Theory/IT Theory/How DNS Works/DNS Resolving.md
TagHeatmap: Processing file - slug: Courses--and--Theory/IT-Theory/How-DNS-Works/DNS, path: content/Courses & Theory/IT Theory/How DNS Works/DNS.md
TagHeatmap: Processing file - slug: Courses--and--Theory/IT-Theory/How-DNS-Works/DNSSEC, path: content/Courses & Theory/IT Theory/How DNS Works/DNSSEC.md
TagHeatmap: Processing file - slug: Courses--and--Theory/IT-Theory/How-clouds-work/Cloud-Service-Models, path: content/Courses & Theory/IT Theory/How clouds work/Cloud Service Models.md
TagHeatmap: Processing file - slug: Courses--and--Theory/IT-Theory/How-clouds-work/Public-vs-Private-vs-Multi-vs-Hybrid-Cloud, path: content/Courses & Theory/IT Theory/How clouds work/Public vs Private vs Multi vs Hybrid Cloud.md
TagHeatmap: Processing file - slug: Courses--and--Theory/IT-Theory/How-clouds-work/Virtualization, path: content/Courses & Theory/IT Theory/How clouds work/Virtualization.md
TagHeatmap: Processing file - slug: Courses--and--Theory/IT-Theory/IT-Software-Architectures, path: content/Courses & Theory/IT Theory/IT Software Architectures.md
TagHeatmap: Found tags in Courses--and--Theory/IT-Theory/IT-Software-Architectures: ["concept/scale"]
TagHeatmap: Direct tag usage: [["concept/mlops",3],["practice",2],["code/python/mlflow",2],["code/python/jupyter",2],["code/python",1],["aws/ec2",3],["compute",2],["storage",1],["monitoring",1],["compute/containers",1],["concept/IaC",1],["concept/scale",2],["concept/resilience",2],["concept/monitoring",2],["concept/events",1],["concept/networking/global",1],["concept/networking",1]]
TagHeatmap: Global tag counts: [["concept",13],["concept/mlops",3],["practice",2],["code",5],["code/python",5],["code/python/mlflow",2],["code/python/jupyter",2],["aws",3],["aws/ec2",3],["compute",3],["storage",1],["monitoring",1],["compute/containers",1],["concept/IaC",1],["concept/scale",2],["concept/resilience",2],["concept/monitoring",2],["concept/events",1],["concept/networking",2],["concept/networking/global",1]]
TagHeatmap: Processing file - slug: Courses--and--Theory/IT-Theory/OSI-Model/ARP, path: content/Courses & Theory/IT Theory/OSI Model/ARP.md
TagHeatmap: Found tags in Courses--and--Theory/IT-Theory/OSI-Model/ARP: ["concept/networking"]
TagHeatmap: Direct tag usage: [["concept/mlops",3],["practice",2],["code/python/mlflow",2],["code/python/jupyter",2],["code/python",1],["aws/ec2",3],["compute",2],["storage",1],["monitoring",1],["compute/containers",1],["concept/IaC",1],["concept/scale",2],["concept/resilience",2],["concept/monitoring",2],["concept/events",1],["concept/networking/global",1],["concept/networking",2]]
TagHeatmap: Global tag counts: [["concept",14],["concept/mlops",3],["practice",2],["code",5],["code/python",5],["code/python/mlflow",2],["code/python/jupyter",2],["aws",3],["aws/ec2",3],["compute",3],["storage",1],["monitoring",1],["compute/containers",1],["concept/IaC",1],["concept/scale",2],["concept/resilience",2],["concept/monitoring",2],["concept/events",1],["concept/networking",3],["concept/networking/global",1]]
TagHeatmap: Processing file - slug: Courses--and--Theory/IT-Theory/OSI-Model/Border-Gateway-Protocol-(BGP), path: content/Courses & Theory/IT Theory/OSI Model/Border Gateway Protocol (BGP).md
TagHeatmap: Found tags in Courses--and--Theory/IT-Theory/OSI-Model/Border-Gateway-Protocol-(BGP): ["concept/networking/global"]
TagHeatmap: Direct tag usage: [["concept/mlops",3],["practice",2],["code/python/mlflow",2],["code/python/jupyter",2],["code/python",1],["aws/ec2",3],["compute",2],["storage",1],["monitoring",1],["compute/containers",1],["concept/IaC",1],["concept/scale",2],["concept/resilience",2],["concept/monitoring",2],["concept/events",1],["concept/networking/global",2],["concept/networking",2]]
TagHeatmap: Global tag counts: [["concept",15],["concept/mlops",3],["practice",2],["code",5],["code/python",5],["code/python/mlflow",2],["code/python/jupyter",2],["aws",3],["aws/ec2",3],["compute",3],["storage",1],["monitoring",1],["compute/containers",1],["concept/IaC",1],["concept/scale",2],["concept/resilience",2],["concept/monitoring",2],["concept/events",1],["concept/networking",4],["concept/networking/global",2]]
TagHeatmap: Processing file - slug: Courses--and--Theory/IT-Theory/OSI-Model/L1-Physical, path: content/Courses & Theory/IT Theory/OSI Model/L1 Physical.md
TagHeatmap: Found tags in Courses--and--Theory/IT-Theory/OSI-Model/L1-Physical: ["concept/networking"]
TagHeatmap: Direct tag usage: [["concept/mlops",3],["practice",2],["code/python/mlflow",2],["code/python/jupyter",2],["code/python",1],["aws/ec2",3],["compute",2],["storage",1],["monitoring",1],["compute/containers",1],["concept/IaC",1],["concept/scale",2],["concept/resilience",2],["concept/monitoring",2],["concept/events",1],["concept/networking/global",2],["concept/networking",3]]
TagHeatmap: Global tag counts: [["concept",16],["concept/mlops",3],["practice",2],["code",5],["code/python",5],["code/python/mlflow",2],["code/python/jupyter",2],["aws",3],["aws/ec2",3],["compute",3],["storage",1],["monitoring",1],["compute/containers",1],["concept/IaC",1],["concept/scale",2],["concept/resilience",2],["concept/monitoring",2],["concept/events",1],["concept/networking",5],["concept/networking/global",2]]
TagHeatmap: Processing file - slug: Courses--and--Theory/IT-Theory/OSI-Model/L2-Data-Link, path: content/Courses & Theory/IT Theory/OSI Model/L2 Data Link.md
TagHeatmap: Found tags in Courses--and--Theory/IT-Theory/OSI-Model/L2-Data-Link: ["concept/networking"]
TagHeatmap: Direct tag usage: [["concept/mlops",3],["practice",2],["code/python/mlflow",2],["code/python/jupyter",2],["code/python",1],["aws/ec2",3],["compute",2],["storage",1],["monitoring",1],["compute/containers",1],["concept/IaC",1],["concept/scale",2],["concept/resilience",2],["concept/monitoring",2],["concept/events",1],["concept/networking/global",2],["concept/networking",4]]
TagHeatmap: Global tag counts: [["concept",17],["concept/mlops",3],["practice",2],["code",5],["code/python",5],["code/python/mlflow",2],["code/python/jupyter",2],["aws",3],["aws/ec2",3],["compute",3],["storage",1],["monitoring",1],["compute/containers",1],["concept/IaC",1],["concept/scale",2],["concept/resilience",2],["concept/monitoring",2],["concept/events",1],["concept/networking",6],["concept/networking/global",2]]
TagHeatmap: Processing file - slug: Courses--and--Theory/IT-Theory/OSI-Model/L3-Network, path: content/Courses & Theory/IT Theory/OSI Model/L3 Network.md
TagHeatmap: Found tags in Courses--and--Theory/IT-Theory/OSI-Model/L3-Network: ["concept/networking/global"]
TagHeatmap: Direct tag usage: [["concept/mlops",3],["practice",2],["code/python/mlflow",2],["code/python/jupyter",2],["code/python",1],["aws/ec2",3],["compute",2],["storage",1],["monitoring",1],["compute/containers",1],["concept/IaC",1],["concept/scale",2],["concept/resilience",2],["concept/monitoring",2],["concept/events",1],["concept/networking/global",3],["concept/networking",4]]
TagHeatmap: Global tag counts: [["concept",18],["concept/mlops",3],["practice",2],["code",5],["code/python",5],["code/python/mlflow",2],["code/python/jupyter",2],["aws",3],["aws/ec2",3],["compute",3],["storage",1],["monitoring",1],["compute/containers",1],["concept/IaC",1],["concept/scale",2],["concept/resilience",2],["concept/monitoring",2],["concept/events",1],["concept/networking",7],["concept/networking/global",3]]
TagHeatmap: Processing file - slug: Courses--and--Theory/IT-Theory/OSI-Model/L4-Transport, path: content/Courses & Theory/IT Theory/OSI Model/L4 Transport.md
TagHeatmap: Found tags in Courses--and--Theory/IT-Theory/OSI-Model/L4-Transport: ["concept/networking/global"]
TagHeatmap: Direct tag usage: [["concept/mlops",3],["practice",2],["code/python/mlflow",2],["code/python/jupyter",2],["code/python",1],["aws/ec2",3],["compute",2],["storage",1],["monitoring",1],["compute/containers",1],["concept/IaC",1],["concept/scale",2],["concept/resilience",2],["concept/monitoring",2],["concept/events",1],["concept/networking/global",4],["concept/networking",4]]
TagHeatmap: Global tag counts: [["concept",19],["concept/mlops",3],["practice",2],["code",5],["code/python",5],["code/python/mlflow",2],["code/python/jupyter",2],["aws",3],["aws/ec2",3],["compute",3],["storage",1],["monitoring",1],["compute/containers",1],["concept/IaC",1],["concept/scale",2],["concept/resilience",2],["concept/monitoring",2],["concept/events",1],["concept/networking",8],["concept/networking/global",4]]
TagHeatmap: Processing file - slug: Courses--and--Theory/IT-Theory/OSI-Model/NAT, path: content/Courses & Theory/IT Theory/OSI Model/NAT.md
TagHeatmap: Found tags in Courses--and--Theory/IT-Theory/OSI-Model/NAT: ["concept/networking/global"]
TagHeatmap: Direct tag usage: [["concept/mlops",3],["practice",2],["code/python/mlflow",2],["code/python/jupyter",2],["code/python",1],["aws/ec2",3],["compute",2],["storage",1],["monitoring",1],["compute/containers",1],["concept/IaC",1],["concept/scale",2],["concept/resilience",2],["concept/monitoring",2],["concept/events",1],["concept/networking/global",5],["concept/networking",4]]
TagHeatmap: Global tag counts: [["concept",20],["concept/mlops",3],["practice",2],["code",5],["code/python",5],["code/python/mlflow",2],["code/python/jupyter",2],["aws",3],["aws/ec2",3],["compute",3],["storage",1],["monitoring",1],["compute/containers",1],["concept/IaC",1],["concept/scale",2],["concept/resilience",2],["concept/monitoring",2],["concept/events",1],["concept/networking",9],["concept/networking/global",5]]
TagHeatmap: Processing file - slug: Courses--and--Theory/IT-Theory/OSI-Model/OSI, path: content/Courses & Theory/IT Theory/OSI Model/OSI.md
TagHeatmap: Found tags in Courses--and--Theory/IT-Theory/OSI-Model/OSI: ["concept/networking"]
TagHeatmap: Direct tag usage: [["concept/mlops",3],["practice",2],["code/python/mlflow",2],["code/python/jupyter",2],["code/python",1],["aws/ec2",3],["compute",2],["storage",1],["monitoring",1],["compute/containers",1],["concept/IaC",1],["concept/scale",2],["concept/resilience",2],["concept/monitoring",2],["concept/events",1],["concept/networking/global",5],["concept/networking",5]]
TagHeatmap: Global tag counts: [["concept",21],["concept/mlops",3],["practice",2],["code",5],["code/python",5],["code/python/mlflow",2],["code/python/jupyter",2],["aws",3],["aws/ec2",3],["compute",3],["storage",1],["monitoring",1],["compute/containers",1],["concept/IaC",1],["concept/scale",2],["concept/resilience",2],["concept/monitoring",2],["concept/events",1],["concept/networking",10],["concept/networking/global",5]]
TagHeatmap: Processing file - slug: Courses--and--Theory/IT-Theory/OSI-Model/Routing, path: content/Courses & Theory/IT Theory/OSI Model/Routing.md
TagHeatmap: Found tags in Courses--and--Theory/IT-Theory/OSI-Model/Routing: ["concept/networking"]
TagHeatmap: Direct tag usage: [["concept/mlops",3],["practice",2],["code/python/mlflow",2],["code/python/jupyter",2],["code/python",1],["aws/ec2",3],["compute",2],["storage",1],["monitoring",1],["compute/containers",1],["concept/IaC",1],["concept/scale",2],["concept/resilience",2],["concept/monitoring",2],["concept/events",1],["concept/networking/global",5],["concept/networking",6]]
TagHeatmap: Global tag counts: [["concept",22],["concept/mlops",3],["practice",2],["code",5],["code/python",5],["code/python/mlflow",2],["code/python/jupyter",2],["aws",3],["aws/ec2",3],["compute",3],["storage",1],["monitoring",1],["compute/containers",1],["concept/IaC",1],["concept/scale",2],["concept/resilience",2],["concept/monitoring",2],["concept/events",1],["concept/networking",11],["concept/networking/global",5]]
TagHeatmap: Processing file - slug: Courses--and--Theory/IT-Theory/OSI-Model/Subnetting-and-IP-Calculation, path: content/Courses & Theory/IT Theory/OSI Model/Subnetting and IP Calculation.md
TagHeatmap: Found tags in Courses--and--Theory/IT-Theory/OSI-Model/Subnetting-and-IP-Calculation: ["concept/networking"]
TagHeatmap: Direct tag usage: [["concept/mlops",3],["practice",2],["code/python/mlflow",2],["code/python/jupyter",2],["code/python",1],["aws/ec2",3],["compute",2],["storage",1],["monitoring",1],["compute/containers",1],["concept/IaC",1],["concept/scale",2],["concept/resilience",2],["concept/monitoring",2],["concept/events",1],["concept/networking/global",5],["concept/networking",7]]
TagHeatmap: Global tag counts: [["concept",23],["concept/mlops",3],["practice",2],["code",5],["code/python",5],["code/python/mlflow",2],["code/python/jupyter",2],["aws",3],["aws/ec2",3],["compute",3],["storage",1],["monitoring",1],["compute/containers",1],["concept/IaC",1],["concept/scale",2],["concept/resilience",2],["concept/monitoring",2],["concept/events",1],["concept/networking",12],["concept/networking/global",5]]
TagHeatmap: Processing file - slug: Courses--and--Theory/IT-Theory/OSI-Model/TLS-and-SSL, path: content/Courses & Theory/IT Theory/OSI Model/TLS and SSL.md
TagHeatmap: Found tags in Courses--and--Theory/IT-Theory/OSI-Model/TLS-and-SSL: ["concept/networking/global","concept/security"]
TagHeatmap: Direct tag usage: [["concept/mlops",3],["practice",2],["code/python/mlflow",2],["code/python/jupyter",2],["code/python",1],["aws/ec2",3],["compute",2],["storage",1],["monitoring",1],["compute/containers",1],["concept/IaC",1],["concept/scale",2],["concept/resilience",2],["concept/monitoring",2],["concept/events",1],["concept/networking/global",6],["concept/networking",7],["concept/security",1]]
TagHeatmap: Global tag counts: [["concept",25],["concept/mlops",3],["practice",2],["code",5],["code/python",5],["code/python/mlflow",2],["code/python/jupyter",2],["aws",3],["aws/ec2",3],["compute",3],["storage",1],["monitoring",1],["compute/containers",1],["concept/IaC",1],["concept/scale",2],["concept/resilience",2],["concept/monitoring",2],["concept/events",1],["concept/networking",13],["concept/networking/global",6],["concept/security",1]]
TagHeatmap: Processing file - slug: Courses--and--Theory/IT-Theory/OSI-Model/VLAN, path: content/Courses & Theory/IT Theory/OSI Model/VLAN.md
TagHeatmap: Found tags in Courses--and--Theory/IT-Theory/OSI-Model/VLAN: ["concept/networking"]
TagHeatmap: Direct tag usage: [["concept/mlops",3],["practice",2],["code/python/mlflow",2],["code/python/jupyter",2],["code/python",1],["aws/ec2",3],["compute",2],["storage",1],["monitoring",1],["compute/containers",1],["concept/IaC",1],["concept/scale",2],["concept/resilience",2],["concept/monitoring",2],["concept/events",1],["concept/networking/global",6],["concept/networking",8],["concept/security",1]]
TagHeatmap: Global tag counts: [["concept",26],["concept/mlops",3],["practice",2],["code",5],["code/python",5],["code/python/mlflow",2],["code/python/jupyter",2],["aws",3],["aws/ec2",3],["compute",3],["storage",1],["monitoring",1],["compute/containers",1],["concept/IaC",1],["concept/scale",2],["concept/resilience",2],["concept/monitoring",2],["concept/events",1],["concept/networking",14],["concept/networking/global",6],["concept/security",1]]
TagHeatmap: Processing file - slug: Courses--and--Theory/IT-Theory/Security-contepts/Application-Layer-(L7)-Firewall, path: content/Courses & Theory/IT Theory/Security contepts/Application Layer (L7) Firewall.md
TagHeatmap: Processing file - slug: Courses--and--Theory/IT-Theory/Security-contepts/DDOS, path: content/Courses & Theory/IT Theory/Security contepts/DDOS.md
TagHeatmap: Processing file - slug: Courses--and--Theory/IT-Theory/Security-contepts/Digital-Signatures, path: content/Courses & Theory/IT Theory/Security contepts/Digital Signatures.md
TagHeatmap: Processing file - slug: Courses--and--Theory/IT-Theory/Security-contepts/Encryption-and-Encoding, path: content/Courses & Theory/IT Theory/Security contepts/Encryption and Encoding.md
TagHeatmap: Processing file - slug: Courses--and--Theory/IT-Theory/Security-contepts/How-IPSEC-VPN-work, path: content/Courses & Theory/IT Theory/Security contepts/How IPSEC VPN work.md
TagHeatmap: Processing file - slug: Courses--and--Theory/IT-Theory/Security-contepts/Security, path: content/Courses & Theory/IT Theory/Security contepts/Security.md
TagHeatmap: Found tags in Courses--and--Theory/IT-Theory/Security-contepts/Security: ["concept/security"]
TagHeatmap: Direct tag usage: [["concept/mlops",3],["practice",2],["code/python/mlflow",2],["code/python/jupyter",2],["code/python",1],["aws/ec2",3],["compute",2],["storage",1],["monitoring",1],["compute/containers",1],["concept/IaC",1],["concept/scale",2],["concept/resilience",2],["concept/monitoring",2],["concept/events",1],["concept/networking/global",6],["concept/networking",8],["concept/security",2]]
TagHeatmap: Global tag counts: [["concept",27],["concept/mlops",3],["practice",2],["code",5],["code/python",5],["code/python/mlflow",2],["code/python/jupyter",2],["aws",3],["aws/ec2",3],["compute",3],["storage",1],["monitoring",1],["compute/containers",1],["concept/IaC",1],["concept/scale",2],["concept/resilience",2],["concept/monitoring",2],["concept/events",1],["concept/networking",14],["concept/networking/global",6],["concept/security",2]]
TagHeatmap: Processing file - slug: Courses--and--Theory/IT-Theory/Security-contepts/Signing, path: content/Courses & Theory/IT Theory/Security contepts/Signing.md
TagHeatmap: Found tags in Courses--and--Theory/IT-Theory/Security-contepts/Signing: ["concept/security"]
TagHeatmap: Direct tag usage: [["concept/mlops",3],["practice",2],["code/python/mlflow",2],["code/python/jupyter",2],["code/python",1],["aws/ec2",3],["compute",2],["storage",1],["monitoring",1],["compute/containers",1],["concept/IaC",1],["concept/scale",2],["concept/resilience",2],["concept/monitoring",2],["concept/events",1],["concept/networking/global",6],["concept/networking",8],["concept/security",3]]
TagHeatmap: Global tag counts: [["concept",28],["concept/mlops",3],["practice",2],["code",5],["code/python",5],["code/python/mlflow",2],["code/python/jupyter",2],["aws",3],["aws/ec2",3],["compute",3],["storage",1],["monitoring",1],["compute/containers",1],["concept/IaC",1],["concept/scale",2],["concept/resilience",2],["concept/monitoring",2],["concept/events",1],["concept/networking",14],["concept/networking/global",6],["concept/security",3]]
TagHeatmap: Processing file - slug: Courses--and--Theory/IT-Theory/Security-contepts/Steganography, path: content/Courses & Theory/IT Theory/Security contepts/Steganography.md
TagHeatmap: Found tags in Courses--and--Theory/IT-Theory/Security-contepts/Steganography: ["concept/security"]
TagHeatmap: Direct tag usage: [["concept/mlops",3],["practice",2],["code/python/mlflow",2],["code/python/jupyter",2],["code/python",1],["aws/ec2",3],["compute",2],["storage",1],["monitoring",1],["compute/containers",1],["concept/IaC",1],["concept/scale",2],["concept/resilience",2],["concept/monitoring",2],["concept/events",1],["concept/networking/global",6],["concept/networking",8],["concept/security",4]]
TagHeatmap: Global tag counts: [["concept",29],["concept/mlops",3],["practice",2],["code",5],["code/python",5],["code/python/mlflow",2],["code/python/jupyter",2],["aws",3],["aws/ec2",3],["compute",3],["storage",1],["monitoring",1],["compute/containers",1],["concept/IaC",1],["concept/scale",2],["concept/resilience",2],["concept/monitoring",2],["concept/events",1],["concept/networking",14],["concept/networking/global",6],["concept/security",4]]
TagHeatmap: Processing file - slug: Data-Engineering/Apache-Airflow, path: content/Data Engineering/Apache Airflow.md
TagHeatmap: Found tags in Data-Engineering/Apache-Airflow: ["practice","dataeng/airflow","code/python"]
TagHeatmap: Direct tag usage: [["concept/mlops",3],["practice",3],["code/python/mlflow",2],["code/python/jupyter",2],["code/python",2],["aws/ec2",3],["compute",2],["storage",1],["monitoring",1],["compute/containers",1],["concept/IaC",1],["concept/scale",2],["concept/resilience",2],["concept/monitoring",2],["concept/events",1],["concept/networking/global",6],["concept/networking",8],["concept/security",4],["dataeng/airflow",1]]
TagHeatmap: Global tag counts: [["concept",29],["concept/mlops",3],["practice",3],["code",6],["code/python",6],["code/python/mlflow",2],["code/python/jupyter",2],["aws",3],["aws/ec2",3],["compute",3],["storage",1],["monitoring",1],["compute/containers",1],["concept/IaC",1],["concept/scale",2],["concept/resilience",2],["concept/monitoring",2],["concept/events",1],["concept/networking",14],["concept/networking/global",6],["concept/security",4],["dataeng",1],["dataeng/airflow",1]]
TagHeatmap: Processing file - slug: Data-Engineering/Azure-Storage, path: content/Data Engineering/Azure Storage.md
TagHeatmap: Processing file - slug: Data-Engineering/Data-Design-and-Pipelines, path: content/Data Engineering/Data Design and Pipelines.md
TagHeatmap: Processing file - slug: Data-Engineering/Data-Engineering, path: content/Data Engineering/Data Engineering.md
TagHeatmap: Processing file - slug: Data-Engineering/Data-Visualization, path: content/Data Engineering/Data Visualization.md
TagHeatmap: Processing file - slug: Data-Engineering/Data-Warehousing/AWS-vs-Azure-Data-Engineering, path: content/Data Engineering/Data Warehousing/AWS vs Azure Data Engineering.md
TagHeatmap: Processing file - slug: Data-Engineering/Data-Warehousing/Apache-Spark, path: content/Data Engineering/Data Warehousing/Apache Spark.md
TagHeatmap: Found tags in Data-Engineering/Data-Warehousing/Apache-Spark: ["dataeng"]
TagHeatmap: Direct tag usage: [["concept/mlops",3],["practice",3],["code/python/mlflow",2],["code/python/jupyter",2],["code/python",2],["aws/ec2",3],["compute",2],["storage",1],["monitoring",1],["compute/containers",1],["concept/IaC",1],["concept/scale",2],["concept/resilience",2],["concept/monitoring",2],["concept/events",1],["concept/networking/global",6],["concept/networking",8],["concept/security",4],["dataeng/airflow",1],["dataeng",1]]
TagHeatmap: Global tag counts: [["concept",29],["concept/mlops",3],["practice",3],["code",6],["code/python",6],["code/python/mlflow",2],["code/python/jupyter",2],["aws",3],["aws/ec2",3],["compute",3],["storage",1],["monitoring",1],["compute/containers",1],["concept/IaC",1],["concept/scale",2],["concept/resilience",2],["concept/monitoring",2],["concept/events",1],["concept/networking",14],["concept/networking/global",6],["concept/security",4],["dataeng",2],["dataeng/airflow",1]]
TagHeatmap: Processing file - slug: Data-Engineering/Data-Warehousing/Data-Warehouses-and-Lakes-in-depth, path: content/Data Engineering/Data Warehousing/Data Warehouses and Lakes in depth.md
TagHeatmap: Processing file - slug: Data-Engineering/Data-Warehousing/Data-Warehouses-and-Lakes, path: content/Data Engineering/Data Warehousing/Data Warehouses and Lakes.md
TagHeatmap: Found tags in Data-Engineering/Data-Warehousing/Data-Warehouses-and-Lakes: ["dataeng"]
TagHeatmap: Direct tag usage: [["concept/mlops",3],["practice",3],["code/python/mlflow",2],["code/python/jupyter",2],["code/python",2],["aws/ec2",3],["compute",2],["storage",1],["monitoring",1],["compute/containers",1],["concept/IaC",1],["concept/scale",2],["concept/resilience",2],["concept/monitoring",2],["concept/events",1],["concept/networking/global",6],["concept/networking",8],["concept/security",4],["dataeng/airflow",1],["dataeng",2]]
TagHeatmap: Global tag counts: [["concept",29],["concept/mlops",3],["practice",3],["code",6],["code/python",6],["code/python/mlflow",2],["code/python/jupyter",2],["aws",3],["aws/ec2",3],["compute",3],["storage",1],["monitoring",1],["compute/containers",1],["concept/IaC",1],["concept/scale",2],["concept/resilience",2],["concept/monitoring",2],["concept/events",1],["concept/networking",14],["concept/networking/global",6],["concept/security",4],["dataeng",3],["dataeng/airflow",1]]
TagHeatmap: Processing file - slug: Data-Engineering/Data-Warehousing/Databricks-coding, path: content/Data Engineering/Data Warehousing/Databricks coding.md
TagHeatmap: Found tags in Data-Engineering/Data-Warehousing/Databricks-coding: ["dataeng"]
TagHeatmap: Direct tag usage: [["concept/mlops",3],["practice",3],["code/python/mlflow",2],["code/python/jupyter",2],["code/python",2],["aws/ec2",3],["compute",2],["storage",1],["monitoring",1],["compute/containers",1],["concept/IaC",1],["concept/scale",2],["concept/resilience",2],["concept/monitoring",2],["concept/events",1],["concept/networking/global",6],["concept/networking",8],["concept/security",4],["dataeng/airflow",1],["dataeng",3]]
TagHeatmap: Global tag counts: [["concept",29],["concept/mlops",3],["practice",3],["code",6],["code/python",6],["code/python/mlflow",2],["code/python/jupyter",2],["aws",3],["aws/ec2",3],["compute",3],["storage",1],["monitoring",1],["compute/containers",1],["concept/IaC",1],["concept/scale",2],["concept/resilience",2],["concept/monitoring",2],["concept/events",1],["concept/networking",14],["concept/networking/global",6],["concept/security",4],["dataeng",4],["dataeng/airflow",1]]
TagHeatmap: Processing file - slug: Data-Engineering/Data-Warehousing/Databricks, path: content/Data Engineering/Data Warehousing/Databricks.md
TagHeatmap: Found tags in Data-Engineering/Data-Warehousing/Databricks: ["dataeng"]
TagHeatmap: Direct tag usage: [["concept/mlops",3],["practice",3],["code/python/mlflow",2],["code/python/jupyter",2],["code/python",2],["aws/ec2",3],["compute",2],["storage",1],["monitoring",1],["compute/containers",1],["concept/IaC",1],["concept/scale",2],["concept/resilience",2],["concept/monitoring",2],["concept/events",1],["concept/networking/global",6],["concept/networking",8],["concept/security",4],["dataeng/airflow",1],["dataeng",4]]
TagHeatmap: Global tag counts: [["concept",29],["concept/mlops",3],["practice",3],["code",6],["code/python",6],["code/python/mlflow",2],["code/python/jupyter",2],["aws",3],["aws/ec2",3],["compute",3],["storage",1],["monitoring",1],["compute/containers",1],["concept/IaC",1],["concept/scale",2],["concept/resilience",2],["concept/monitoring",2],["concept/events",1],["concept/networking",14],["concept/networking/global",6],["concept/security",4],["dataeng",5],["dataeng/airflow",1]]
TagHeatmap: Processing file - slug: Data-Engineering/Data-Warehousing/ETL-and-ELT, path: content/Data Engineering/Data Warehousing/ETL and ELT.md
TagHeatmap: Processing file - slug: Data-Engineering/Data-Warehousing/Snowflake, path: content/Data Engineering/Data Warehousing/Snowflake.md
TagHeatmap: Found tags in Data-Engineering/Data-Warehousing/Snowflake: []
TagHeatmap: Direct tag usage: [["concept/mlops",3],["practice",3],["code/python/mlflow",2],["code/python/jupyter",2],["code/python",2],["aws/ec2",3],["compute",2],["storage",1],["monitoring",1],["compute/containers",1],["concept/IaC",1],["concept/scale",2],["concept/resilience",2],["concept/monitoring",2],["concept/events",1],["concept/networking/global",6],["concept/networking",8],["concept/security",4],["dataeng/airflow",1],["dataeng",4]]
TagHeatmap: Global tag counts: [["concept",29],["concept/mlops",3],["practice",3],["code",6],["code/python",6],["code/python/mlflow",2],["code/python/jupyter",2],["aws",3],["aws/ec2",3],["compute",3],["storage",1],["monitoring",1],["compute/containers",1],["concept/IaC",1],["concept/scale",2],["concept/resilience",2],["concept/monitoring",2],["concept/events",1],["concept/networking",14],["concept/networking/global",6],["concept/security",4],["dataeng",5],["dataeng/airflow",1]]
TagHeatmap: Processing file - slug: Data-Engineering/Databases/DBMS, path: content/Data Engineering/Databases/DBMS.md
TagHeatmap: Processing file - slug: Data-Engineering/Databases/Database-Types, path: content/Data Engineering/Databases/Database Types.md
TagHeatmap: Found tags in Data-Engineering/Databases/Database-Types: ["dataeng"]
TagHeatmap: Direct tag usage: [["concept/mlops",3],["practice",3],["code/python/mlflow",2],["code/python/jupyter",2],["code/python",2],["aws/ec2",3],["compute",2],["storage",1],["monitoring",1],["compute/containers",1],["concept/IaC",1],["concept/scale",2],["concept/resilience",2],["concept/monitoring",2],["concept/events",1],["concept/networking/global",6],["concept/networking",8],["concept/security",4],["dataeng/airflow",1],["dataeng",5]]
TagHeatmap: Global tag counts: [["concept",29],["concept/mlops",3],["practice",3],["code",6],["code/python",6],["code/python/mlflow",2],["code/python/jupyter",2],["aws",3],["aws/ec2",3],["compute",3],["storage",1],["monitoring",1],["compute/containers",1],["concept/IaC",1],["concept/scale",2],["concept/resilience",2],["concept/monitoring",2],["concept/events",1],["concept/networking",14],["concept/networking/global",6],["concept/security",4],["dataeng",6],["dataeng/airflow",1]]
TagHeatmap: Processing file - slug: Data-Engineering/Databases/NoSQL, path: content/Data Engineering/Databases/NoSQL.md
TagHeatmap: Found tags in Data-Engineering/Databases/NoSQL: ["dataeng"]
TagHeatmap: Direct tag usage: [["concept/mlops",3],["practice",3],["code/python/mlflow",2],["code/python/jupyter",2],["code/python",2],["aws/ec2",3],["compute",2],["storage",1],["monitoring",1],["compute/containers",1],["concept/IaC",1],["concept/scale",2],["concept/resilience",2],["concept/monitoring",2],["concept/events",1],["concept/networking/global",6],["concept/networking",8],["concept/security",4],["dataeng/airflow",1],["dataeng",6]]
TagHeatmap: Global tag counts: [["concept",29],["concept/mlops",3],["practice",3],["code",6],["code/python",6],["code/python/mlflow",2],["code/python/jupyter",2],["aws",3],["aws/ec2",3],["compute",3],["storage",1],["monitoring",1],["compute/containers",1],["concept/IaC",1],["concept/scale",2],["concept/resilience",2],["concept/monitoring",2],["concept/events",1],["concept/networking",14],["concept/networking/global",6],["concept/security",4],["dataeng",7],["dataeng/airflow",1]]
TagHeatmap: Processing file - slug: Data-Engineering/Databases/SQL, path: content/Data Engineering/Databases/SQL.md
TagHeatmap: Found tags in Data-Engineering/Databases/SQL: ["dataeng"]
TagHeatmap: Direct tag usage: [["concept/mlops",3],["practice",3],["code/python/mlflow",2],["code/python/jupyter",2],["code/python",2],["aws/ec2",3],["compute",2],["storage",1],["monitoring",1],["compute/containers",1],["concept/IaC",1],["concept/scale",2],["concept/resilience",2],["concept/monitoring",2],["concept/events",1],["concept/networking/global",6],["concept/networking",8],["concept/security",4],["dataeng/airflow",1],["dataeng",7]]
TagHeatmap: Global tag counts: [["concept",29],["concept/mlops",3],["practice",3],["code",6],["code/python",6],["code/python/mlflow",2],["code/python/jupyter",2],["aws",3],["aws/ec2",3],["compute",3],["storage",1],["monitoring",1],["compute/containers",1],["concept/IaC",1],["concept/scale",2],["concept/resilience",2],["concept/monitoring",2],["concept/events",1],["concept/networking",14],["concept/networking/global",6],["concept/security",4],["dataeng",8],["dataeng/airflow",1]]
TagHeatmap: Processing file - slug: DevOps/Ansible, path: content/DevOps/Ansible.md
TagHeatmap: Processing file - slug: DevOps/Apache-Kafka, path: content/DevOps/Apache Kafka.md
TagHeatmap: Processing file - slug: DevOps/Coding/Pandas-Python, path: content/DevOps/Coding/Pandas Python.md
TagHeatmap: Found tags in DevOps/Coding/Pandas-Python: ["code/python","code/python/pandas"]
TagHeatmap: Direct tag usage: [["concept/mlops",3],["practice",3],["code/python/mlflow",2],["code/python/jupyter",2],["code/python",3],["aws/ec2",3],["compute",2],["storage",1],["monitoring",1],["compute/containers",1],["concept/IaC",1],["concept/scale",2],["concept/resilience",2],["concept/monitoring",2],["concept/events",1],["concept/networking/global",6],["concept/networking",8],["concept/security",4],["dataeng/airflow",1],["dataeng",7],["code/python/pandas",1]]
TagHeatmap: Global tag counts: [["concept",29],["concept/mlops",3],["practice",3],["code",8],["code/python",8],["code/python/mlflow",2],["code/python/jupyter",2],["aws",3],["aws/ec2",3],["compute",3],["storage",1],["monitoring",1],["compute/containers",1],["concept/IaC",1],["concept/scale",2],["concept/resilience",2],["concept/monitoring",2],["concept/events",1],["concept/networking",14],["concept/networking/global",6],["concept/security",4],["dataeng",8],["dataeng/airflow",1],["code/python/pandas",1]]
TagHeatmap: Processing file - slug: DevOps/Coding/Python, path: content/DevOps/Coding/Python.md
TagHeatmap: Found tags in DevOps/Coding/Python: ["code/python"]
TagHeatmap: Direct tag usage: [["concept/mlops",3],["practice",3],["code/python/mlflow",2],["code/python/jupyter",2],["code/python",4],["aws/ec2",3],["compute",2],["storage",1],["monitoring",1],["compute/containers",1],["concept/IaC",1],["concept/scale",2],["concept/resilience",2],["concept/monitoring",2],["concept/events",1],["concept/networking/global",6],["concept/networking",8],["concept/security",4],["dataeng/airflow",1],["dataeng",7],["code/python/pandas",1]]
TagHeatmap: Global tag counts: [["concept",29],["concept/mlops",3],["practice",3],["code",9],["code/python",9],["code/python/mlflow",2],["code/python/jupyter",2],["aws",3],["aws/ec2",3],["compute",3],["storage",1],["monitoring",1],["compute/containers",1],["concept/IaC",1],["concept/scale",2],["concept/resilience",2],["concept/monitoring",2],["concept/events",1],["concept/networking",14],["concept/networking/global",6],["concept/security",4],["dataeng",8],["dataeng/airflow",1],["code/python/pandas",1]]
TagHeatmap: Processing file - slug: DevOps/Containerization/Docker, path: content/DevOps/Containerization/Docker.md
TagHeatmap: Found tags in DevOps/Containerization/Docker: ["containers/docker","containers/kubernetes"]
TagHeatmap: Direct tag usage: [["concept/mlops",3],["practice",3],["code/python/mlflow",2],["code/python/jupyter",2],["code/python",4],["aws/ec2",3],["compute",2],["storage",1],["monitoring",1],["compute/containers",1],["concept/IaC",1],["concept/scale",2],["concept/resilience",2],["concept/monitoring",2],["concept/events",1],["concept/networking/global",6],["concept/networking",8],["concept/security",4],["dataeng/airflow",1],["dataeng",7],["code/python/pandas",1],["containers/docker",1],["containers/kubernetes",1]]
TagHeatmap: Global tag counts: [["concept",29],["concept/mlops",3],["practice",3],["code",9],["code/python",9],["code/python/mlflow",2],["code/python/jupyter",2],["aws",3],["aws/ec2",3],["compute",3],["storage",1],["monitoring",1],["compute/containers",1],["concept/IaC",1],["concept/scale",2],["concept/resilience",2],["concept/monitoring",2],["concept/events",1],["concept/networking",14],["concept/networking/global",6],["concept/security",4],["dataeng",8],["dataeng/airflow",1],["code/python/pandas",1],["containers",2],["containers/docker",1],["containers/kubernetes",1]]
TagHeatmap: Processing file - slug: DevOps/Containerization/Kubernetes-(K8S), path: content/DevOps/Containerization/Kubernetes (K8S).md
TagHeatmap: Found tags in DevOps/Containerization/Kubernetes-(K8S): ["containers/kubernetes"]
TagHeatmap: Direct tag usage: [["concept/mlops",3],["practice",3],["code/python/mlflow",2],["code/python/jupyter",2],["code/python",4],["aws/ec2",3],["compute",2],["storage",1],["monitoring",1],["compute/containers",1],["concept/IaC",1],["concept/scale",2],["concept/resilience",2],["concept/monitoring",2],["concept/events",1],["concept/networking/global",6],["concept/networking",8],["concept/security",4],["dataeng/airflow",1],["dataeng",7],["code/python/pandas",1],["containers/docker",1],["containers/kubernetes",2]]
TagHeatmap: Global tag counts: [["concept",29],["concept/mlops",3],["practice",3],["code",9],["code/python",9],["code/python/mlflow",2],["code/python/jupyter",2],["aws",3],["aws/ec2",3],["compute",3],["storage",1],["monitoring",1],["compute/containers",1],["concept/IaC",1],["concept/scale",2],["concept/resilience",2],["concept/monitoring",2],["concept/events",1],["concept/networking",14],["concept/networking/global",6],["concept/security",4],["dataeng",8],["dataeng/airflow",1],["code/python/pandas",1],["containers",3],["containers/docker",1],["containers/kubernetes",2]]
TagHeatmap: Processing file - slug: DevOps/Github-actions, path: content/DevOps/Github actions.md
TagHeatmap: Processing file - slug: DevOps/OpenSSL, path: content/DevOps/OpenSSL.md
TagHeatmap: Processing file - slug: DevOps/SSH-and-GPG, path: content/DevOps/SSH and GPG.md
TagHeatmap: Processing file - slug: DevOps/Terraform, path: content/DevOps/Terraform.md
TagHeatmap: Processing file - slug: DevOps/git, path: content/DevOps/git.md
TagHeatmap: Processing file - slug: Linux/CRON-Scheduler, path: content/Linux/CRON Scheduler.md
TagHeatmap: Found tags in Linux/CRON-Scheduler: ["os/linux"]
TagHeatmap: Direct tag usage: [["concept/mlops",3],["practice",3],["code/python/mlflow",2],["code/python/jupyter",2],["code/python",4],["aws/ec2",3],["compute",2],["storage",1],["monitoring",1],["compute/containers",1],["concept/IaC",1],["concept/scale",2],["concept/resilience",2],["concept/monitoring",2],["concept/events",1],["concept/networking/global",6],["concept/networking",8],["concept/security",4],["dataeng/airflow",1],["dataeng",7],["code/python/pandas",1],["containers/docker",1],["containers/kubernetes",2],["os/linux",1]]
TagHeatmap: Global tag counts: [["concept",29],["concept/mlops",3],["practice",3],["code",9],["code/python",9],["code/python/mlflow",2],["code/python/jupyter",2],["aws",3],["aws/ec2",3],["compute",3],["storage",1],["monitoring",1],["compute/containers",1],["concept/IaC",1],["concept/scale",2],["concept/resilience",2],["concept/monitoring",2],["concept/events",1],["concept/networking",14],["concept/networking/global",6],["concept/security",4],["dataeng",8],["dataeng/airflow",1],["code/python/pandas",1],["containers",3],["containers/docker",1],["containers/kubernetes",2],["os",1],["os/linux",1]]
TagHeatmap: Processing file - slug: Linux/Linux-Troubleshooting--and--Random-LifeHax, path: content/Linux/Linux Troubleshooting & Random LifeHax.md
TagHeatmap: Found tags in Linux/Linux-Troubleshooting--and--Random-LifeHax: ["os/linux"]
TagHeatmap: Direct tag usage: [["concept/mlops",3],["practice",3],["code/python/mlflow",2],["code/python/jupyter",2],["code/python",4],["aws/ec2",3],["compute",2],["storage",1],["monitoring",1],["compute/containers",1],["concept/IaC",1],["concept/scale",2],["concept/resilience",2],["concept/monitoring",2],["concept/events",1],["concept/networking/global",6],["concept/networking",8],["concept/security",4],["dataeng/airflow",1],["dataeng",7],["code/python/pandas",1],["containers/docker",1],["containers/kubernetes",2],["os/linux",2]]
TagHeatmap: Global tag counts: [["concept",29],["concept/mlops",3],["practice",3],["code",9],["code/python",9],["code/python/mlflow",2],["code/python/jupyter",2],["aws",3],["aws/ec2",3],["compute",3],["storage",1],["monitoring",1],["compute/containers",1],["concept/IaC",1],["concept/scale",2],["concept/resilience",2],["concept/monitoring",2],["concept/events",1],["concept/networking",14],["concept/networking/global",6],["concept/security",4],["dataeng",8],["dataeng/airflow",1],["code/python/pandas",1],["containers",3],["containers/docker",1],["containers/kubernetes",2],["os",2],["os/linux",2]]
TagHeatmap: Processing file - slug: Linux/Tools-and-commands/1Password, path: content/Linux/Tools and commands/1Password.md
TagHeatmap: Processing file - slug: Linux/Tools-and-commands/WSL, path: content/Linux/Tools and commands/WSL.md
TagHeatmap: Found tags in Linux/Tools-and-commands/WSL: ["os/linux/wsl"]
TagHeatmap: Direct tag usage: [["concept/mlops",3],["practice",3],["code/python/mlflow",2],["code/python/jupyter",2],["code/python",4],["aws/ec2",3],["compute",2],["storage",1],["monitoring",1],["compute/containers",1],["concept/IaC",1],["concept/scale",2],["concept/resilience",2],["concept/monitoring",2],["concept/events",1],["concept/networking/global",6],["concept/networking",8],["concept/security",4],["dataeng/airflow",1],["dataeng",7],["code/python/pandas",1],["containers/docker",1],["containers/kubernetes",2],["os/linux",2],["os/linux/wsl",1]]
TagHeatmap: Global tag counts: [["concept",29],["concept/mlops",3],["practice",3],["code",9],["code/python",9],["code/python/mlflow",2],["code/python/jupyter",2],["aws",3],["aws/ec2",3],["compute",3],["storage",1],["monitoring",1],["compute/containers",1],["concept/IaC",1],["concept/scale",2],["concept/resilience",2],["concept/monitoring",2],["concept/events",1],["concept/networking",14],["concept/networking/global",6],["concept/security",4],["dataeng",8],["dataeng/airflow",1],["code/python/pandas",1],["containers",3],["containers/docker",1],["containers/kubernetes",2],["os",3],["os/linux",3],["os/linux/wsl",1]]
TagHeatmap: Processing file - slug: Linux/Tools-and-commands/tmux---terminal-multiplexer, path: content/Linux/Tools and commands/tmux - terminal multiplexer.md
TagHeatmap: Found tags in Linux/Tools-and-commands/tmux---terminal-multiplexer: ["os/linux"]
TagHeatmap: Direct tag usage: [["concept/mlops",3],["practice",3],["code/python/mlflow",2],["code/python/jupyter",2],["code/python",4],["aws/ec2",3],["compute",2],["storage",1],["monitoring",1],["compute/containers",1],["concept/IaC",1],["concept/scale",2],["concept/resilience",2],["concept/monitoring",2],["concept/events",1],["concept/networking/global",6],["concept/networking",8],["concept/security",4],["dataeng/airflow",1],["dataeng",7],["code/python/pandas",1],["containers/docker",1],["containers/kubernetes",2],["os/linux",3],["os/linux/wsl",1]]
TagHeatmap: Global tag counts: [["concept",29],["concept/mlops",3],["practice",3],["code",9],["code/python",9],["code/python/mlflow",2],["code/python/jupyter",2],["aws",3],["aws/ec2",3],["compute",3],["storage",1],["monitoring",1],["compute/containers",1],["concept/IaC",1],["concept/scale",2],["concept/resilience",2],["concept/monitoring",2],["concept/events",1],["concept/networking",14],["concept/networking/global",6],["concept/security",4],["dataeng",8],["dataeng/airflow",1],["code/python/pandas",1],["containers",3],["containers/docker",1],["containers/kubernetes",2],["os",4],["os/linux",4],["os/linux/wsl",1]]
TagHeatmap: Processing file - slug: Science/Drawings/Long-Division.excalidraw, path: content/Science/Drawings/Long Division.excalidraw.md
TagHeatmap: Found tags in Science/Drawings/Long-Division.excalidraw: ["excalidraw"]
TagHeatmap: Direct tag usage: [["concept/mlops",3],["practice",3],["code/python/mlflow",2],["code/python/jupyter",2],["code/python",4],["aws/ec2",3],["compute",2],["storage",1],["monitoring",1],["compute/containers",1],["concept/IaC",1],["concept/scale",2],["concept/resilience",2],["concept/monitoring",2],["concept/events",1],["concept/networking/global",6],["concept/networking",8],["concept/security",4],["dataeng/airflow",1],["dataeng",7],["code/python/pandas",1],["containers/docker",1],["containers/kubernetes",2],["os/linux",3],["os/linux/wsl",1],["excalidraw",1]]
TagHeatmap: Global tag counts: [["concept",29],["concept/mlops",3],["practice",3],["code",9],["code/python",9],["code/python/mlflow",2],["code/python/jupyter",2],["aws",3],["aws/ec2",3],["compute",3],["storage",1],["monitoring",1],["compute/containers",1],["concept/IaC",1],["concept/scale",2],["concept/resilience",2],["concept/monitoring",2],["concept/events",1],["concept/networking",14],["concept/networking/global",6],["concept/security",4],["dataeng",8],["dataeng/airflow",1],["code/python/pandas",1],["containers",3],["containers/docker",1],["containers/kubernetes",2],["os",4],["os/linux",4],["os/linux/wsl",1],["excalidraw",1]]
TagHeatmap: Processing file - slug: Science/Drawings/Random-Calculations.excalidraw, path: content/Science/Drawings/Random Calculations.excalidraw.md
TagHeatmap: Found tags in Science/Drawings/Random-Calculations.excalidraw: ["excalidraw"]
TagHeatmap: Direct tag usage: [["concept/mlops",3],["practice",3],["code/python/mlflow",2],["code/python/jupyter",2],["code/python",4],["aws/ec2",3],["compute",2],["storage",1],["monitoring",1],["compute/containers",1],["concept/IaC",1],["concept/scale",2],["concept/resilience",2],["concept/monitoring",2],["concept/events",1],["concept/networking/global",6],["concept/networking",8],["concept/security",4],["dataeng/airflow",1],["dataeng",7],["code/python/pandas",1],["containers/docker",1],["containers/kubernetes",2],["os/linux",3],["os/linux/wsl",1],["excalidraw",2]]
TagHeatmap: Global tag counts: [["concept",29],["concept/mlops",3],["practice",3],["code",9],["code/python",9],["code/python/mlflow",2],["code/python/jupyter",2],["aws",3],["aws/ec2",3],["compute",3],["storage",1],["monitoring",1],["compute/containers",1],["concept/IaC",1],["concept/scale",2],["concept/resilience",2],["concept/monitoring",2],["concept/events",1],["concept/networking",14],["concept/networking/global",6],["concept/security",4],["dataeng",8],["dataeng/airflow",1],["code/python/pandas",1],["containers",3],["containers/docker",1],["containers/kubernetes",2],["os",4],["os/linux",4],["os/linux/wsl",1],["excalidraw",2]]
TagHeatmap: Processing file - slug: Science/MATHS, path: content/Science/MATHS.md
TagHeatmap: Found tags in Science/MATHS: ["math"]
TagHeatmap: Direct tag usage: [["concept/mlops",3],["practice",3],["code/python/mlflow",2],["code/python/jupyter",2],["code/python",4],["aws/ec2",3],["compute",2],["storage",1],["monitoring",1],["compute/containers",1],["concept/IaC",1],["concept/scale",2],["concept/resilience",2],["concept/monitoring",2],["concept/events",1],["concept/networking/global",6],["concept/networking",8],["concept/security",4],["dataeng/airflow",1],["dataeng",7],["code/python/pandas",1],["containers/docker",1],["containers/kubernetes",2],["os/linux",3],["os/linux/wsl",1],["excalidraw",2],["math",1]]
TagHeatmap: Global tag counts: [["concept",29],["concept/mlops",3],["practice",3],["code",9],["code/python",9],["code/python/mlflow",2],["code/python/jupyter",2],["aws",3],["aws/ec2",3],["compute",3],["storage",1],["monitoring",1],["compute/containers",1],["concept/IaC",1],["concept/scale",2],["concept/resilience",2],["concept/monitoring",2],["concept/events",1],["concept/networking",14],["concept/networking/global",6],["concept/security",4],["dataeng",8],["dataeng/airflow",1],["code/python/pandas",1],["containers",3],["containers/docker",1],["containers/kubernetes",2],["os",4],["os/linux",4],["os/linux/wsl",1],["excalidraw",2],["math",1]]
TagHeatmap: Processing file - slug: index, path: content/index.md
TagHeatmap: Found tags in index: ["personal","concept","containers/docker"]
TagHeatmap: Direct tag usage: [["concept/mlops",3],["practice",3],["code/python/mlflow",2],["code/python/jupyter",2],["code/python",4],["aws/ec2",3],["compute",2],["storage",1],["monitoring",1],["compute/containers",1],["concept/IaC",1],["concept/scale",2],["concept/resilience",2],["concept/monitoring",2],["concept/events",1],["concept/networking/global",6],["concept/networking",8],["concept/security",4],["dataeng/airflow",1],["dataeng",7],["code/python/pandas",1],["containers/docker",2],["containers/kubernetes",2],["os/linux",3],["os/linux/wsl",1],["excalidraw",2],["math",1],["personal",1],["concept",1]]
TagHeatmap: Global tag counts: [["concept",30],["concept/mlops",3],["practice",3],["code",9],["code/python",9],["code/python/mlflow",2],["code/python/jupyter",2],["aws",3],["aws/ec2",3],["compute",3],["storage",1],["monitoring",1],["compute/containers",1],["concept/IaC",1],["concept/scale",2],["concept/resilience",2],["concept/monitoring",2],["concept/events",1],["concept/networking",14],["concept/networking/global",6],["concept/security",4],["dataeng",8],["dataeng/airflow",1],["code/python/pandas",1],["containers",4],["containers/docker",2],["containers/kubernetes",2],["os",4],["os/linux",4],["os/linux/wsl",1],["excalidraw",2],["math",1],["personal",1]]
TagHeatmap: Processing tag-heatmap block in index. Current tag count: 33
TagHeatmap: Hierarchical split - parents: [["compute",3],["dataeng",8],["concept",30]], children/leaf: [["concept/mlops",3],["practice",3],["code/python/mlflow",2],["code/python/jupyter",2],["code/python",9],["aws/ec2",3],["storage",1],["monitoring",1],["compute/containers",1],["concept/IaC",1],["concept/scale",2],["concept/resilience",2],["concept/monitoring",2],["concept/events",1],["concept/networking/global",6],["concept/networking",14],["concept/security",4],["dataeng/airflow",1],["code/python/pandas",1],["containers/docker",2],["containers/kubernetes",2],["os/linux",4],["os/linux/wsl",1],["excalidraw",2],["math",1],["personal",1]]